<?xml version="1.0" encoding="UTF-8"?>
<testng-results ignored="2" total="7" passed="4" failed="1" skipped="0">
  <reporter-output>
  </reporter-output>
  <suite started-at="2025-12-16T02:49:39 IST" name="Default suite" finished-at="2025-12-16T03:01:20 IST" duration-ms="701093">
    <groups>
    </groups>
    <test started-at="2025-12-16T02:49:39 IST" name="Default test" finished-at="2025-12-16T03:01:20 IST" duration-ms="701093">
      <class name="HafsaadTests.HafTest">
        <test-method is-config="true" signature="setup()[pri:0, instance:HafsaadTests.HafTest@65e98b1c]" started-at="2025-12-16T02:49:39 IST" name="setup" finished-at="2025-12-16T02:50:14 IST" duration-ms="34742" status="PASS">
          <reporter-output>
          </reporter-output>
        </test-method> <!-- setup -->
        <test-method is-config="true" signature="beforeEachTest(java.lang.reflect.Method)[pri:0, instance:HafsaadTests.HafTest@65e98b1c]" started-at="2025-12-16T02:50:14 IST" name="beforeEachTest" finished-at="2025-12-16T02:50:26 IST" duration-ms="12318" status="PASS">
          <params>
            <param index="0">
              <value>
                <![CDATA[public void HafsaadTests.HafTest.orderBestSellers()]]>
              </value>
            </param>
          </params>
          <reporter-output>
          </reporter-output>
        </test-method> <!-- beforeEachTest -->
        <test-method signature="orderBestSellers()[pri:0, instance:HafsaadTests.HafTest@65e98b1c]" started-at="2025-12-16T02:50:26 IST" name="orderBestSellers" finished-at="2025-12-16T02:52:29 IST" duration-ms="122982" status="PASS">
          <reporter-output>
          </reporter-output>
        </test-method> <!-- orderBestSellers -->
        <test-method is-config="true" signature="afterEachTest(org.testng.ITestResult)[pri:0, instance:HafsaadTests.HafTest@65e98b1c]" started-at="2025-12-16T02:52:29 IST" name="afterEachTest" finished-at="2025-12-16T02:52:29 IST" duration-ms="2" status="PASS">
          <params>
            <param index="0">
              <value>
                <![CDATA[[TestResult name=orderBestSellers status=SUCCESS method=HafTest.orderBestSellers()[pri:0, instance:HafsaadTests.HafTest@65e98b1c] output={null}]]]>
              </value>
            </param>
          </params>
          <reporter-output>
          </reporter-output>
        </test-method> <!-- afterEachTest -->
        <test-method is-config="true" signature="beforeEachTest(java.lang.reflect.Method)[pri:0, instance:HafsaadTests.HafTest@65e98b1c]" started-at="2025-12-16T02:52:29 IST" name="beforeEachTest" finished-at="2025-12-16T02:52:49 IST" duration-ms="20244" status="PASS">
          <params>
            <param index="0">
              <value>
                <![CDATA[public void HafsaadTests.HafTest.OrderSaree()]]>
              </value>
            </param>
          </params>
          <reporter-output>
          </reporter-output>
        </test-method> <!-- beforeEachTest -->
        <test-method signature="OrderSaree()[pri:1, instance:HafsaadTests.HafTest@65e98b1c]" started-at="2025-12-16T02:52:49 IST" name="OrderSaree" finished-at="2025-12-16T02:55:00 IST" duration-ms="130906" status="PASS">
          <reporter-output>
          </reporter-output>
        </test-method> <!-- OrderSaree -->
        <test-method is-config="true" signature="afterEachTest(org.testng.ITestResult)[pri:0, instance:HafsaadTests.HafTest@65e98b1c]" started-at="2025-12-16T02:55:00 IST" name="afterEachTest" finished-at="2025-12-16T02:55:00 IST" duration-ms="1" status="PASS">
          <params>
            <param index="0">
              <value>
                <![CDATA[[TestResult name=OrderSaree status=SUCCESS method=HafTest.OrderSaree()[pri:1, instance:HafsaadTests.HafTest@65e98b1c] output={null}]]]>
              </value>
            </param>
          </params>
          <reporter-output>
          </reporter-output>
        </test-method> <!-- afterEachTest -->
        <test-method is-config="true" signature="beforeEachTest(java.lang.reflect.Method)[pri:0, instance:HafsaadTests.HafTest@65e98b1c]" started-at="2025-12-16T02:55:00 IST" name="beforeEachTest" finished-at="2025-12-16T02:55:21 IST" duration-ms="20194" status="PASS">
          <params>
            <param index="0">
              <value>
                <![CDATA[public void HafsaadTests.HafTest.OrderBlouse()]]>
              </value>
            </param>
          </params>
          <reporter-output>
          </reporter-output>
        </test-method> <!-- beforeEachTest -->
        <test-method signature="OrderBlouse()[pri:2, instance:HafsaadTests.HafTest@65e98b1c]" started-at="2025-12-16T02:55:21 IST" name="OrderBlouse" finished-at="2025-12-16T02:57:52 IST" duration-ms="151204" status="PASS">
          <reporter-output>
          </reporter-output>
        </test-method> <!-- OrderBlouse -->
        <test-method is-config="true" signature="afterEachTest(org.testng.ITestResult)[pri:0, instance:HafsaadTests.HafTest@65e98b1c]" started-at="2025-12-16T02:57:52 IST" name="afterEachTest" finished-at="2025-12-16T02:57:52 IST" duration-ms="1" status="PASS">
          <params>
            <param index="0">
              <value>
                <![CDATA[[TestResult name=OrderBlouse status=SUCCESS method=HafTest.OrderBlouse()[pri:2, instance:HafsaadTests.HafTest@65e98b1c] output={null}]]]>
              </value>
            </param>
          </params>
          <reporter-output>
          </reporter-output>
        </test-method> <!-- afterEachTest -->
        <test-method is-config="true" signature="beforeEachTest(java.lang.reflect.Method)[pri:0, instance:HafsaadTests.HafTest@65e98b1c]" started-at="2025-12-16T02:57:52 IST" name="beforeEachTest" finished-at="2025-12-16T02:58:12 IST" duration-ms="20197" status="PASS">
          <params>
            <param index="0">
              <value>
                <![CDATA[public void HafsaadTests.HafTest.OrderCelebritySaris()]]>
              </value>
            </param>
          </params>
          <reporter-output>
          </reporter-output>
        </test-method> <!-- beforeEachTest -->
        <test-method signature="OrderCelebritySaris()[pri:3, instance:HafsaadTests.HafTest@65e98b1c]" started-at="2025-12-16T02:58:12 IST" name="OrderCelebritySaris" finished-at="2025-12-16T03:00:57 IST" duration-ms="164805" status="FAIL">
          <exception class="org.openqa.selenium.TimeoutException">
            <message>
              <![CDATA[Expected condition failed: waiting for element to no longer be visible: By.cssSelector: header.drawer__header (tried for 15 second(s) with 500 milliseconds interval)
Build info: version: '4.36.0', revision: '6d115cfd87'
System info: os.name: 'Windows 11', os.arch: 'amd64', os.version: '10.0', java.version: '21.0.9'
Driver info: org.openqa.selenium.chrome.ChromeDriver
Capabilities {acceptInsecureCerts: false, browserName: chrome, browserVersion: 143.0.7499.109, chrome: {chromedriverVersion: 143.0.7499.42 (24bdc8c48a0c..., userDataDir: C:\Users\meren\AppData\Loca...}, fedcm:accounts: true, goog:chromeOptions: {debuggerAddress: localhost:54371}, goog:processID: 21456, networkConnectionEnabled: false, pageLoadStrategy: normal, platformName: windows, proxy: Proxy(), se:cdp: ws://localhost:54371/devtoo..., se:cdpVersion: 143.0.7499.109, setWindowRect: true, strictFileInteractability: false, timeouts: {implicit: 0, pageLoad: 300000, script: 30000}, unhandledPromptBehavior: dismiss and notify, webauthn:extension:credBlob: true, webauthn:extension:largeBlob: true, webauthn:extension:minPinLength: true, webauthn:extension:prf: true, webauthn:virtualAuthenticators: true}
Session ID: 06eeadddfb280f3ec969fd9245b77df0]]>
            </message>
            <full-stacktrace>
              <![CDATA[org.openqa.selenium.TimeoutException: Expected condition failed: waiting for element to no longer be visible: By.cssSelector: header.drawer__header (tried for 15 second(s) with 500 milliseconds interval)
Build info: version: '4.36.0', revision: '6d115cfd87'
System info: os.name: 'Windows 11', os.arch: 'amd64', os.version: '10.0', java.version: '21.0.9'
Driver info: org.openqa.selenium.chrome.ChromeDriver
Capabilities {acceptInsecureCerts: false, browserName: chrome, browserVersion: 143.0.7499.109, chrome: {chromedriverVersion: 143.0.7499.42 (24bdc8c48a0c..., userDataDir: C:\Users\meren\AppData\Loca...}, fedcm:accounts: true, goog:chromeOptions: {debuggerAddress: localhost:54371}, goog:processID: 21456, networkConnectionEnabled: false, pageLoadStrategy: normal, platformName: windows, proxy: Proxy(), se:cdp: ws://localhost:54371/devtoo..., se:cdpVersion: 143.0.7499.109, setWindowRect: true, strictFileInteractability: false, timeouts: {implicit: 0, pageLoad: 300000, script: 30000}, unhandledPromptBehavior: dismiss and notify, webauthn:extension:credBlob: true, webauthn:extension:largeBlob: true, webauthn:extension:minPinLength: true, webauthn:extension:prf: true, webauthn:virtualAuthenticators: true}
Session ID: 06eeadddfb280f3ec969fd9245b77df0
at org.openqa.selenium.support.ui.WebDriverWait.timeoutException(WebDriverWait.java:84)
at org.openqa.selenium.support.ui.FluentWait.until(FluentWait.java:228)
at HafsaadPages.CelebrityPage.AddCart(CelebrityPage.java:190)
at HafsaadTests.HafTest.OrderCelebritySaris(HafTest.java:110)
at java.base/jdk.internal.reflect.DirectMethodHandleAccessor.invoke(DirectMethodHandleAccessor.java:103)
at java.base/java.lang.reflect.Method.invoke(Method.java:580)
at org.testng.internal.invokers.MethodInvocationHelper.invokeMethod(MethodInvocationHelper.java:141)
at org.testng.internal.invokers.TestInvoker.invokeMethod(TestInvoker.java:687)
at org.testng.internal.invokers.TestInvoker.invokeTestMethod(TestInvoker.java:230)
at org.testng.internal.invokers.MethodRunner.runInSequence(MethodRunner.java:63)
at org.testng.internal.invokers.TestInvoker$MethodInvocationAgent.invoke(TestInvoker.java:995)
at org.testng.internal.invokers.TestInvoker.invokeTestMethods(TestInvoker.java:203)
at org.testng.internal.invokers.TestMethodWorker.invokeTestMethods(TestMethodWorker.java:154)
at org.testng.internal.invokers.TestMethodWorker.run(TestMethodWorker.java:134)
at java.base/java.util.ArrayList.forEach(ArrayList.java:1596)
at org.testng.TestRunner.privateRun(TestRunner.java:741)
at org.testng.TestRunner.run(TestRunner.java:616)
at org.testng.SuiteRunner.runTest(SuiteRunner.java:421)
at org.testng.SuiteRunner.runSequentially(SuiteRunner.java:413)
at org.testng.SuiteRunner.privateRun(SuiteRunner.java:373)
at org.testng.SuiteRunner.run(SuiteRunner.java:312)
at org.testng.SuiteRunnerWorker.runSuite(SuiteRunnerWorker.java:52)
at org.testng.SuiteRunnerWorker.run(SuiteRunnerWorker.java:95)
at org.testng.TestNG.runSuitesSequentially(TestNG.java:1274)
at org.testng.TestNG.runSuitesLocally(TestNG.java:1208)
at org.testng.TestNG.runSuites(TestNG.java:1112)
at org.testng.TestNG.run(TestNG.java:1079)
at org.testng.remote.AbstractRemoteTestNG.run(AbstractRemoteTestNG.java:115)
at org.testng.remote.RemoteTestNG.initAndRun(RemoteTestNG.java:293)
at org.testng.remote.RemoteTestNG.main(RemoteTestNG.java:91)
]]>
            </full-stacktrace>
          </exception> <!-- org.openqa.selenium.TimeoutException -->
          <reporter-output>
          </reporter-output>
        </test-method> <!-- OrderCelebritySaris -->
        <test-method is-config="true" signature="afterEachTest(org.testng.ITestResult)[pri:0, instance:HafsaadTests.HafTest@65e98b1c]" started-at="2025-12-16T03:00:57 IST" name="afterEachTest" finished-at="2025-12-16T03:00:57 IST" duration-ms="8" status="PASS">
          <params>
            <param index="0">
              <value>
                <![CDATA[[TestResult name=OrderCelebritySaris status=FAILURE method=HafTest.OrderCelebritySaris()[pri:3, instance:HafsaadTests.HafTest@65e98b1c] output={null}]]]>
              </value>
            </param>
          </params>
          <reporter-output>
          </reporter-output>
        </test-method> <!-- afterEachTest -->
        <test-method is-config="true" signature="beforeEachTest(java.lang.reflect.Method)[pri:0, instance:HafsaadTests.HafTest@65e98b1c]" started-at="2025-12-16T03:00:57 IST" name="beforeEachTest" finished-at="2025-12-16T03:01:17 IST" duration-ms="20201" status="PASS">
          <params>
            <param index="0">
              <value>
                <![CDATA[public void HafsaadTests.HafTest.Cart() throws java.lang.InterruptedException,java.io.IOException]]>
              </value>
            </param>
          </params>
          <reporter-output>
          </reporter-output>
        </test-method> <!-- beforeEachTest -->
        <test-method signature="Cart()[pri:4, instance:HafsaadTests.HafTest@65e98b1c]" started-at="2025-12-16T03:01:17 IST" name="Cart" finished-at="2025-12-16T03:01:19 IST" duration-ms="2379" status="PASS">
          <reporter-output>
          </reporter-output>
        </test-method> <!-- Cart -->
        <test-method is-config="true" signature="afterEachTest(org.testng.ITestResult)[pri:0, instance:HafsaadTests.HafTest@65e98b1c]" started-at="2025-12-16T03:01:19 IST" name="afterEachTest" finished-at="2025-12-16T03:01:19 IST" duration-ms="1" status="PASS">
          <params>
            <param index="0">
              <value>
                <![CDATA[[TestResult name=Cart status=SUCCESS method=HafTest.Cart()[pri:4, instance:HafsaadTests.HafTest@65e98b1c] output={null}]]]>
              </value>
            </param>
          </params>
          <reporter-output>
          </reporter-output>
        </test-method> <!-- afterEachTest -->
        <test-method is-config="true" signature="tearDown()[pri:0, instance:HafsaadTests.HafTest@65e98b1c]" started-at="2025-12-16T03:01:19 IST" name="tearDown" finished-at="2025-12-16T03:01:20 IST" duration-ms="841" status="PASS">
          <reporter-output>
          </reporter-output>
        </test-method> <!-- tearDown -->
      </class> <!-- HafsaadTests.HafTest -->
    </test> <!-- Default test -->
  </suite> <!-- Default suite -->
</testng-results>
